WARM Assembly of howToBranch.s                                          Page 1

Line [ Addr ]
0001           ;;; internal wonderings about branch
0002           ;;; (c) drsmith
0003           
0004 [0x0000]:         movs    r0,#0   
     [0x0000]: 0x15800000 = 0b00010101100000000000000000000000
0005 [0x0001]: loop:   bne     end
     [0x0001]: 0x6c000003 = 0b01101100000000000000000000000011
0006 [0x0002]:         movs    r0, #1
     [0x0002]: 0x15800001 = 0b00010101100000000000000000000001
0007 [0x0003]:         b       loop
     [0x0003]: 0x0cfffffe = 0b00001100111111111111111111111110
0008 [0x0004]: end:    swi     #SysPutNum
     [0x0004]: 0x06800401 = 0b00000110100000000000010000000001
0009 [0x0005]:         swi     #SysHalt        
     [0x0005]: 0x06800000 = 0b00000110100000000000000000000000

-------------------------------------------------------------------------------
Symbols defined:
         end=4              loop=1      
-------------------------------------------------------------------------------
Assembled 6 instructions at 157.89 instructions per second.
