WARM Assembly of ../tests/memory.as                                     Page 1

Line [ Addr ]
0001           ;;; A test for the memory instructions of WAVE
0002           ;;; it tries to write outside the bounds of the WARM memory
0003           ;;; not guaranteed to test all addressing issues
0004           ;;; (c) 2010 Antonio Lorenzo
0005                   
0006 [0x0000]: main:   mvn     r0,#0
     [0x0000]: 0x06000000 = 0b00000110000000000000000000000000
0007 [0x0001]: multiple:
0008 [0x0001]:         mov     r5,#5
     [0x0001]: 0x05a80005 = 0b00000101101010000000000000000101
0009 [0x0002]:         mov     r8,#8
     [0x0002]: 0x05c00601 = 0b00000101110000000000011000000001
0010 [0x0003]:         mov     r9,#9
     [0x0003]: 0x05c80009 = 0b00000101110010000000000000001001
0011 [0x0004]:         mov     r1,#0xff0
     [0x0004]: 0x058808ff = 0b00000101100010000000100011111111
0012 [0x0005]:         stm     r0,r1
     [0x0005]: 0x07804040 = 0b00000111100000000100000001000000
0013 [0x0006]:         mov     r5,#0
     [0x0006]: 0x05a80000 = 0b00000101101010000000000000000000
0014 [0x0007]:         mov     r8,#0
     [0x0007]: 0x05c00000 = 0b00000101110000000000000000000000
0015 [0x0008]:         mvn     r0,#0
     [0x0008]: 0x06000000 = 0b00000110000000000000000000000000
0016 [0x0009]:         sub     r0,r0,#8
     [0x0009]: 0x01000601 = 0b00000001000000000000011000000001
0017 [0x000a]:         ldm     r0,r1
     [0x000a]: 0x07004040 = 0b00000111000000000100000001000000
0018 [0x000b]:         mov     r0,r5
     [0x000b]: 0x05804140 = 0b00000101100000000100000101000000
0019 [0x000c]:         swi     #SysPutNum ; first value, 5
     [0x000c]: 0x06800401 = 0b00000110100000000000010000000001
0020 [0x000d]:         mov     r0,#10
     [0x000d]: 0x05800205 = 0b00000101100000000000001000000101
0021 [0x000e]:         swi     #SysPutChar
     [0x000e]: 0x06800003 = 0b00000110100000000000000000000011
0022           
0023 [0x000f]:         mov     r0,r8
     [0x000f]: 0x05804200 = 0b00000101100000000100001000000000
0024 [0x0010]:         swi     #SysPutNum ; second value, 8
     [0x0010]: 0x06800401 = 0b00000110100000000000010000000001
0025 [0x0011]:         mov     r0,#10
     [0x0011]: 0x05800205 = 0b00000101100000000000001000000101
0026 [0x0012]:         swi     #SysPutChar
     [0x0012]: 0x06800003 = 0b00000110100000000000000000000011
0027           
0028 [0x0013]:         mov     r0,r9   ; third value, 9
     [0x0013]: 0x05804240 = 0b00000101100000000100001001000000
0029 [0x0014]:         swi     #SysPutNum
     [0x0014]: 0x06800401 = 0b00000110100000000000010000000001
0030 [0x0015]:         mov     r0,#10
     [0x0015]: 0x05800205 = 0b00000101100000000000001000000101
0031 [0x0016]:         swi     #SysPutChar
     [0x0016]: 0x06800003 = 0b00000110100000000000000000000011
0032           
0033 [0x0017]: stdLoadStore:   
0034 [0x0017]:         mov     r1,#55
     [0x0017]: 0x05880037 = 0b00000101100010000000000000110111
0035 [0x0018]:         mov     r0,#0
     [0x0018]: 0x05800000 = 0b00000101100000000000000000000000
WARM Assembly of ../tests/memory.as                                     Page 2

Line [ Addr ]
0036 [0x0019]:         str     r1,[r0,#-100]
     [0x0019]: 0x08883f9c = 0b00001000100010000011111110011100
0037 [0x001a]:         mov     r1,#0
     [0x001a]: 0x05880000 = 0b00000101100010000000000000000000
0038 [0x001b]:         ldr     r1,[r0,#-100]
     [0x001b]: 0x08083f9c = 0b00001000000010000011111110011100
0039 [0x001c]:         mov     r0,r1
     [0x001c]: 0x05804040 = 0b00000101100000000100000001000000
0040 [0x001d]:         swi     #SysPutNum      ; fourth value, 55
     [0x001d]: 0x06800401 = 0b00000110100000000000010000000001
0041 [0x001e]:         mov     r0,#10
     [0x001e]: 0x05800205 = 0b00000101100000000000001000000101
0042 [0x001f]:         swi     #SysPutChar
     [0x001f]: 0x06800003 = 0b00000110100000000000000000000011
0043           
0044 [0x0020]: posupdate:
0045 [0x0020]:         mvn     r3,#0x3f
     [0x0020]: 0x0618003f = 0b00000110000110000000000000111111
0046 [0x0021]:         mov     r1,#33
     [0x0021]: 0x05880021 = 0b00000101100010000000000000100001
0047 [0x0022]:         stu     r1,[r3,#1]
     [0x0022]: 0x09898001 = 0b00001001100010011000000000000001
0048 [0x0023]:         mov     r0,r1
     [0x0023]: 0x05804040 = 0b00000101100000000100000001000000
0049 [0x0024]:         swi     #SysPutNum ; fifth value, 33
     [0x0024]: 0x06800401 = 0b00000110100000000000010000000001
0050 [0x0025]:         mov     r0,#10
     [0x0025]: 0x05800205 = 0b00000101100000000000001000000101
0051 [0x0026]:         swi     #SysPutChar
     [0x0026]: 0x06800003 = 0b00000110100000000000000000000011
0052           
0053 [0x0027]:         ldu     r1,[r3,#1]
     [0x0027]: 0x09098001 = 0b00001001000010011000000000000001
0054 [0x0028]:         mov     r0,r1
     [0x0028]: 0x05804040 = 0b00000101100000000100000001000000
0055 [0x0029]:         swi     #SysPutNum      ; sixth value, 0
     [0x0029]: 0x06800401 = 0b00000110100000000000010000000001
0056 [0x002a]:         mov     r0,#10
     [0x002a]: 0x05800205 = 0b00000101100000000000001000000101
0057 [0x002b]:         swi     #SysPutChar
     [0x002b]: 0x06800003 = 0b00000110100000000000000000000011
0058                   
0059 [0x002c]:         mov     r0,r3           ; value 7, highmem 0xffffc2, 16,7
     [0x002c]: 0x058040c0 = 0b00000101100000000100000011000000
0060 [0x002d]:         swi     #SysPutNum
     [0x002d]: 0x06800401 = 0b00000110100000000000010000000001
0061 [0x002e]:         mov     r0,#10
     [0x002e]: 0x05800205 = 0b00000101100000000000001000000101
0062 [0x002f]:         swi     #SysPutChar
     [0x002f]: 0x06800003 = 0b00000110100000000000000000000011
0063           
0064 [0x0030]: negupdate:
0065 [0x0030]:         mov     r2,#1
     [0x0030]: 0x05900001 = 0b00000101100100000000000000000001
0066 [0x0031]:         mov     r1,#99
     [0x0031]: 0x05880063 = 0b00000101100010000000000001100011
0067 [0x0032]:         stu     r1,[r2,#-6]
     [0x0032]: 0x09893ffa = 0b00001001100010010011111111111010
0068 [0x0033]:         mov     r0,r2
     [0x0033]: 0x05804080 = 0b00000101100000000100000010000000
WARM Assembly of ../tests/memory.as                                     Page 3

Line [ Addr ]
0069 [0x0034]:         swi     #SysPutNum
     [0x0034]: 0x06800401 = 0b00000110100000000000010000000001
0070 [0x0035]:         mov     r0,#10
     [0x0035]: 0x05800205 = 0b00000101100000000000001000000101
0071 [0x0036]:         swi     #SysPutChar
     [0x0036]: 0x06800003 = 0b00000110100000000000000000000011
0072 [0x0037]:         mov     r0,r1
     [0x0037]: 0x05804040 = 0b00000101100000000100000001000000
0073 [0x0038]:         swi     #SysPutNum
     [0x0038]: 0x06800401 = 0b00000110100000000000010000000001
0074 [0x0039]:         mov     r0,#10
     [0x0039]: 0x05800205 = 0b00000101100000000000001000000101
0075 [0x003a]:         swi     #SysPutChar
     [0x003a]: 0x06800003 = 0b00000110100000000000000000000011
0076 [0x003b]:         mov     r1,#0
     [0x003b]: 0x05880000 = 0b00000101100010000000000000000000
0077 [0x003c]:         ldu     r1,[r2,#-6]
     [0x003c]: 0x09093ffa = 0b00001001000010010011111111111010
0078 [0x003d]:         mov     r0,r2
     [0x003d]: 0x05804080 = 0b00000101100000000100000010000000
0079 [0x003e]:         swi     #SysPutNum
     [0x003e]: 0x06800401 = 0b00000110100000000000010000000001
0080 [0x003f]:         mov     r0,#10
     [0x003f]: 0x05800205 = 0b00000101100000000000001000000101
0081 [0x0040]:         swi     #SysPutChar
     [0x0040]: 0x06800003 = 0b00000110100000000000000000000011
0082 [0x0041]:         mov     r0,r1
     [0x0041]: 0x05804040 = 0b00000101100000000100000001000000
0083 [0x0042]:         swi     #SysPutNum
     [0x0042]: 0x06800401 = 0b00000110100000000000010000000001
0084 [0x0043]:         mov     r0,#10
     [0x0043]: 0x05800205 = 0b00000101100000000000001000000101
0085 [0x0044]:         swi     #SysPutChar
     [0x0044]: 0x06800003 = 0b00000110100000000000000000000011
0086           
0087 [0x0045]: addres: mvn     r1,#0x3f
     [0x0045]: 0x0608003f = 0b00000110000010000000000000111111
0088 [0x0046]:         mov     r2,#3
     [0x0046]: 0x05900003 = 0b00000101100100000000000000000011
0089 [0x0047]:         adr     r0,[r1,r2,lsl #0]
     [0x0047]: 0x0a00c080 = 0b00001010000000001100000010000000
0090 [0x0048]:         swi     #SysPutNum
     [0x0048]: 0x06800401 = 0b00000110100000000000010000000001
0091                   
0092 [0x0049]:         swi     #SysHalt
     [0x0049]: 0x06800000 = 0b00000110100000000000000000000000

-------------------------------------------------------------------------------
Symbols defined:
      addres=69             main=0          multiple=1         negupdate=48    
   posupdate=32     stdLoadStore=23     
-------------------------------------------------------------------------------
Assembled 74 instructions at 986.67 instructions per second.
