WARM Assembly of ../tests/stm.as                                        Page 1

Line [ Addr ]
0001 [0x0000]:         mov     r0,#100
     [0x0000]: 0x05800419 = 0b00000101100000000000010000011001
0002 [0x0001]:         mov     r1,#101
     [0x0001]: 0x05880065 = 0b00000101100010000000000001100101
0003 [0x0002]:         add     r1,r1,#0x13000000
     [0x0002]: 0x0008b013 = 0b00000000000010001011000000010011
0004 [0x0003]:         mov     r2,#102
     [0x0003]: 0x05900233 = 0b00000101100100000000001000110011
0005 [0x0004]:         stm     r1,#7
     [0x0004]: 0x07880007 = 0b00000111100010000000000000000111
0006 [0x0005]:         swi     #SysPutNum
     [0x0005]: 0x06800401 = 0b00000110100000000000010000000001
0007 [0x0006]:         mov     r0,#'\n
     [0x0006]: 0x05800205 = 0b00000101100000000000001000000101
0008 [0x0007]:         swi     #SysPutChar
     [0x0007]: 0x06800003 = 0b00000110100000000000000000000011
0009 [0x0008]:         mov     r0,r1
     [0x0008]: 0x05804040 = 0b00000101100000000100000001000000
0010 [0x0009]:         swi     #SysPutNum
     [0x0009]: 0x06800401 = 0b00000110100000000000010000000001
0011 [0x000a]:         mov     r0,#'\n
     [0x000a]: 0x05800205 = 0b00000101100000000000001000000101
0012 [0x000b]:         swi     #SysPutChar
     [0x000b]: 0x06800003 = 0b00000110100000000000000000000011
0013 [0x000c]:         mov     r0,r2
     [0x000c]: 0x05804080 = 0b00000101100000000100000010000000
0014 [0x000d]:         swi     #SysPutNum
     [0x000d]: 0x06800401 = 0b00000110100000000000010000000001
0015 [0x000e]:         mov     r0,#'\n
     [0x000e]: 0x05800205 = 0b00000101100000000000001000000101
0016 [0x000f]:         swi     #SysPutChar
     [0x000f]: 0x06800003 = 0b00000110100000000000000000000011
0017 [0x0010]:         ldr     r0,97
     [0x0010]: 0x08078051 = 0b00001000000001111000000001010001
0018 [0x0011]:         swi     #SysPutNum
     [0x0011]: 0x06800401 = 0b00000110100000000000010000000001
0019 [0x0012]:         mov     r0,#'\n
     [0x0012]: 0x05800205 = 0b00000101100000000000001000000101
0020 [0x0013]:         swi     #SysPutChar
     [0x0013]: 0x06800003 = 0b00000110100000000000000000000011
0021 [0x0014]:         ldr     r0,98
     [0x0014]: 0x0807804e = 0b00001000000001111000000001001110
0022 [0x0015]:         swi     #SysPutNum
     [0x0015]: 0x06800401 = 0b00000110100000000000010000000001
0023 [0x0016]:         mov     r0,#'\n
     [0x0016]: 0x05800205 = 0b00000101100000000000001000000101
0024 [0x0017]:         swi     #SysPutChar
     [0x0017]: 0x06800003 = 0b00000110100000000000000000000011
0025 [0x0018]:         ldr     r0,99
     [0x0018]: 0x0807804b = 0b00001000000001111000000001001011
0026 [0x0019]:         swi     #SysPutNum      
     [0x0019]: 0x06800401 = 0b00000110100000000000010000000001
0027 [0x001a]:         mov     r0,#'\n
     [0x001a]: 0x05800205 = 0b00000101100000000000001000000101
0028 [0x001b]:         swi     #SysPutChar
     [0x001b]: 0x06800003 = 0b00000110100000000000000000000011
0029 [0x001c]:         ldr     r0,100
     [0x001c]: 0x08078048 = 0b00001000000001111000000001001000
0030 [0x001d]:         swi     #SysPutNum      
     [0x001d]: 0x06800401 = 0b00000110100000000000010000000001
WARM Assembly of ../tests/stm.as                                        Page 2

Line [ Addr ]
0031 [0x001e]:         mov     r0,#'\n
     [0x001e]: 0x05800205 = 0b00000101100000000000001000000101
0032 [0x001f]:         swi     #SysPutChar
     [0x001f]: 0x06800003 = 0b00000110100000000000000000000011
0033 [0x0020]:         ldr     r0,101
     [0x0020]: 0x08078045 = 0b00001000000001111000000001000101
0034 [0x0021]:         swi     #SysPutNum
     [0x0021]: 0x06800401 = 0b00000110100000000000010000000001
0035 [0x0022]:         mov     r0,#'\n
     [0x0022]: 0x05800205 = 0b00000101100000000000001000000101
0036 [0x0023]:         swi     #SysPutChar
     [0x0023]: 0x06800003 = 0b00000110100000000000000000000011
0037 [0x0024]:         swi     #SysHalt
     [0x0024]: 0x06800000 = 0b00000110100000000000000000000000
0038           

-------------------------------------------------------------------------------
Symbols defined:
-------------------------------------------------------------------------------
Assembled 37 instructions at 606.56 instructions per second.
